<?xml version="1.0" encoding="UTF-8"?>
<!-- Generated by org.testng.reporters.JUnitReportReporter -->
<testsuite hostname="root" failures="0" tests="3" name="CookieEyes.CY" time="57.086" errors="0" timestamp="2021-04-29T17:43:18 IST" skipped="0">
  <testcase classname="CookieEyes.CY" name="verify_waveurl" time="40.667"/>
  <system-out/>
  <testcase classname="CookieEyes.CY" name="login" time="2.411"/>
  <system-out/>
  <testcase classname="CookieEyes.CY" name="de_select" time="14.008"/>
  <system-out/>
</testsuite> <!-- CookieEyes.CY -->
