<?xml version="1.0" encoding="UTF-8"?>
<!-- Generated by org.testng.reporters.JUnitReportReporter -->
<testsuite hostname="root" failures="0" tests="3" name="CookieEyes.CY" time="27.445" errors="0" timestamp="2021-04-28T16:52:49 IST" skipped="0">
  <testcase classname="CookieEyes.CY" name="verify_waveurl" time="26.788"/>
  <system-out/>
  <testcase classname="CookieEyes.CY" name="isenable_ispresent1" time="0.329"/>
  <system-out/>
  <testcase classname="CookieEyes.CY" name="isenable_ispresent2" time="0.328"/>
  <system-out/>
</testsuite> <!-- CookieEyes.CY -->
