<?xml version="1.0" encoding="UTF-8"?>
<!-- Generated by org.testng.reporters.JUnitReportReporter -->
<testsuite hostname="root" failures="0" tests="3" name="CookieEyes.CY" time="23.582" errors="0" timestamp="2021-04-30T11:00:09 IST" skipped="0">
  <testcase classname="CookieEyes.CY" name="verify_waveurl" time="12.357"/>
  <system-out/>
  <testcase classname="CookieEyes.CY" name="login" time="2.369"/>
  <system-out/>
  <testcase classname="CookieEyes.CY" name="de_select" time="8.856"/>
  <system-out/>
</testsuite> <!-- CookieEyes.CY -->
