<?xml version="1.0" encoding="UTF-8"?>
<!-- Generated by org.testng.reporters.JUnitReportReporter -->
<testsuite hostname="root" failures="0" tests="3" name="CookieEyes.CY" time="23.182" errors="0" timestamp="2021-05-01T13:22:39 IST" skipped="0">
  <testcase classname="CookieEyes.CY" name="verify_waveurl" time="14.098"/>
  <system-out/>
  <testcase classname="CookieEyes.CY" name="login" time="2.667"/>
  <system-out/>
  <testcase classname="CookieEyes.CY" name="WindowHandling" time="6.417"/>
  <system-out/>
</testsuite> <!-- CookieEyes.CY -->
